#
# A fatal error has been detected by the Java Runtime Environment:
#
#  SIGSEGV (0xb) at pc=0x00007fff978ee0dd, pid=1750, tid=1299
#
# JRE version: Java(TM) SE Runtime Environment (8.0_72-b15) (build 1.8.0_72-b15)
# Java VM: Java HotSpot(TM) 64-Bit Server VM (25.72-b15 mixed mode bsd-amd64 compressed oops)
# Problematic frame:
# C  [libobjc.A.dylib+0x10dd]  objc_msgSend+0x1d
#
# Failed to write core dump. Core dumps have been disabled. To enable core dumping, try "ulimit -c unlimited" before starting Java again
#
# If you would like to submit a bug report, please visit:
#   http://bugreport.java.com/bugreport/crash.jsp
# The crash happened outside the Java Virtual Machine in native code.
# See problematic frame for where to report the bug.
#

---------------  T H R E A D  ---------------

Current thread (0x00007f867c0d4000):  JavaThread "AppKit Thread" daemon [_thread_in_native, id=1299, stack(0x00007fff4f55b000,0x00007fff4fd5b000)]

siginfo: si_signo: 11 (SIGSEGV), si_code: 1 (SEGV_MAPERR), si_addr: 0x000007f867ec81a0

Registers:
RAX=0x00007f867ec86cf0, RBX=0x00007fff4fd55ee8, RCX=0x0000000000000000, RDX=0x00007f867ecf7b70
RSP=0x00007fff4fd55d08, RBP=0x00007fff4fd55d10, RSI=0x00007fff8e4d041e, RDI=0x00007f867ec86cf0
R8 =0x00007fff4fd55cf0, R9 =0x0000000000000071, R10=0x00007fff8e4d041e, R11=0x000007f867ec8188
R12=0x00007f867a711620, R13=0x00000000000f4337, R14=0x00007f867ef45ea0, R15=0x00007fff4fd55e48
RIP=0x00007fff978ee0dd, EFLAGS=0x0000000000010206, ERR=0x0000000000000004
  TRAPNO=0x000000000000000e

Top of Stack: (sp=0x00007fff4fd55d08)
0x00007fff4fd55d08:   00007fff974fb45c 00007fff4fd56070
0x00007fff4fd55d18:   00007fff973eb634 00007fff4fd55d9c
0x00007fff4fd55d28:   00007fff4fd55da0 00007fff4fd55da4
0x00007fff4fd55d38:   00007fff7e2e0e00 ffffffffffffffff
0x00007fff4fd55d48:   0000000000000a98 00007fff7e2e0e18
0x00007fff4fd55d58:   00007f867ef45ea0 0000000000000000
0x00007fff4fd55d68:   00007fff4fd55e40 0000000000000000
0x00007fff4fd55d78:   00007f867a575b70 00007fff4fd55ec0
0x00007fff4fd55d88:   0000000000000071 00000000000f4339
0x00007fff4fd55d98:   00007f867ecf7b70 00007f867f030b20
0x00007fff4fd55da8:   00007f867a711620 0000000000000001
0x00007fff4fd55db8:   00000000000f4337 00007f867a711610
0x00007fff4fd55dc8:   00007fff9aa26c05 000000017d5b8070
0x00007fff4fd55dd8:   00007fff7df4b0d0 0000000042000000
0x00007fff4fd55de8:   00007fff9aa2de63 00007fff7e2ab240
0x00007fff4fd55df8:   00007fff4fd55ec8 00007fff4fd55e20
0x00007fff4fd55e08:   00007fff4fd55e40 0000000000000000
0x00007fff4fd55e18:   000000000000001f 001f36039790e97a
0x00007fff4fd55e28:   00007f867a711644 0000000000000000
0x00007fff4fd55e38:   0000000000000000 00007f867f037ea0
0x00007fff4fd55e48:   00007f867ef45ea0 0000002000000000
0x00007fff4fd55e58:   0000000000000000 00007fff7df4b0d0
0x00007fff4fd55e68:   0000000042000000 00007fff9aa2d4f8
0x00007fff4fd55e78:   00007fff7e2ab350 00007fff4fd55dd8
0x00007fff4fd55e88:   0000000000000000 00007fff4fd55f58
0x00007fff4fd55e98:   00007fff7c0f4ea0 00007fff4fd55f90
0x00007fff4fd55ea8:   00007fff94720770 00007fff4fd55f40
0x00007fff4fd55eb8:   00007fff8dc044ed 000000000000005e
0x00007fff4fd55ec8:   0000000000000000 00000000000f432e
0x00007fff4fd55ed8:   0000000000000060 0000000000000000
0x00007fff4fd55ee8:   00000000000f4337 00007fff4fd55f64
0x00007fff4fd55ef8:   0000000000773b01 00000000ffffffff 

Instructions: (pc=0x00007fff978ee0dd)
0x00007fff978ee0bd:   00 00 00 48 85 ff 2e 74 7a 40 f6 c7 01 2e 75 7e
0x00007fff978ee0cd:   49 bb f8 ff ff ff ff 7f 00 00 4c 23 1f 49 89 f2
0x00007fff978ee0dd:   45 23 53 18 49 c1 e2 04 4d 03 53 10 49 3b 32 75
0x00007fff978ee0ed:   04 41 ff 62 08 49 83 3a 00 74 6a 4d 3b 53 10 74 

Register to memory mapping:

RAX=0x00007f867ec86cf0 is an unknown value
RBX=0x00007fff4fd55ee8 is pointing into the stack for thread: 0x00007f867c0d4000
RCX=0x0000000000000000 is an unknown value
RDX=0x00007f867ecf7b70 is an unknown value
RSP=0x00007fff4fd55d08 is pointing into the stack for thread: 0x00007f867c0d4000
RBP=0x00007fff4fd55d10 is pointing into the stack for thread: 0x00007f867c0d4000
RSI=0x00007fff8e4d041e: -[NSTitlebarContainerView transparent]+0x5e312 in /System/Library/Frameworks/AppKit.framework/Versions/C/AppKit at 0x00007fff8dacf000
RDI=0x00007f867ec86cf0 is an unknown value
R8 =0x00007fff4fd55cf0 is pointing into the stack for thread: 0x00007f867c0d4000
R9 =0x0000000000000071 is an unknown value
R10=0x00007fff8e4d041e: -[NSTitlebarContainerView transparent]+0x5e312 in /System/Library/Frameworks/AppKit.framework/Versions/C/AppKit at 0x00007fff8dacf000
R11=0x000007f867ec8188 is an unknown value
R12=0x00007f867a711620 is an unknown value
R13=0x00000000000f4337 is an unknown value
R14=0x00007f867ef45ea0 is an unknown value
R15=0x00007fff4fd55e48 is pointing into the stack for thread: 0x00007f867c0d4000


Stack: [0x00007fff4f55b000,0x00007fff4fd5b000],  sp=0x00007fff4fd55d08,  free space=8171k
Native frames: (J=compiled Java code, j=interpreted, Vv=VM code, C=native code)
C  [libobjc.A.dylib+0x10dd]  objc_msgSend+0x1d
C  [CoreFoundation+0x10634]  _CFXNotificationPost+0xc44
C  [Foundation+0x7aa1]  -[NSNotificationCenter postNotificationName:object:userInfo:]+0x42
C  [AppKit+0x439c2]  -[NSSurface _disposeSurface]+0x98
C  [AppKit+0x43426]  -[NSSurface setWindow:]+0x42
C  [AppKit+0x33910]  -[NSView _setWindow:]+0xa33
C  [AppKit+0x6af91]  -[NSView removeFromSuperview]+0x1c5
C  [AppKit+0x14bd99]  -[NSView removeFromSuperviewWithoutNeedingDisplay]+0x26
C  [liblwjgl.dylib+0x936e]  +[MacOSXKeyableWindow destroyWindow]+0xde
C  [Foundation+0x92dd0]  __NSThreadPerformPerform+0x125
C  [CoreFoundation+0x80a01]  __CFRUNLOOP_IS_CALLING_OUT_TO_A_SOURCE0_PERFORM_FUNCTION__+0x11
C  [CoreFoundation+0x72b8d]  __CFRunLoopDoSources0+0x10d
C  [CoreFoundation+0x721bf]  __CFRunLoopRun+0x39f
C  [CoreFoundation+0x71bd8]  CFRunLoopRunSpecific+0x128
C  [HIToolbox+0x3256f]  RunCurrentEventLoopInMode+0xeb
C  [HIToolbox+0x321ee]  ReceiveNextEventCommon+0xb3
C  [HIToolbox+0x3212b]  _BlockUntilNextEventMatchingListInModeWithFilter+0x47
C  [AppKit+0x918ab]  _DPSNextEvent+0x3d2
C  [AppKit+0x90e58]  -[NSApplication nextEventMatchingMask:untilDate:inMode:dequeue:]+0x15a
C  [libosxapp.dylib+0x23aa]  -[NSApplicationAWT nextEventMatchingMask:untilDate:inMode:dequeue:]+0x7c
C  [AppKit+0x86af3]  -[NSApplication run]+0x252
C  [libosxapp.dylib+0x214d]  +[NSApplicationAWT runAWTLoopWithApp:]+0x9c
C  [libawt_lwawt.dylib+0x4455b]  -[AWTStarter starter:]+0x389
C  [Foundation+0x92dd0]  __NSThreadPerformPerform+0x125
C  [CoreFoundation+0x80a01]  __CFRUNLOOP_IS_CALLING_OUT_TO_A_SOURCE0_PERFORM_FUNCTION__+0x11
C  [CoreFoundation+0x72b8d]  __CFRunLoopDoSources0+0x10d
C  [CoreFoundation+0x721bf]  __CFRunLoopRun+0x39f
C  [CoreFoundation+0x71bd8]  CFRunLoopRunSpecific+0x128
C  [java+0x6463]  CreateExecutionEnvironment+0x367
C  [java+0x21ac]  JLI_Launch+0x7a0
C  [java+0x84c0]  main+0x65
C  [java+0x1a04]  start+0x34
C  0x0000000000000005


---------------  P R O C E S S  ---------------

Java Threads: ( => current thread )
  0x00007f8681c84000 JavaThread "AWT-Shutdown" [_thread_blocked, id=48947, stack(0x00000002542df000,0x00000002543df000)]
  0x00007f867babe800 JavaThread "jME3 Audio Thread" daemon [_thread_blocked, id=54815, stack(0x0000000251bfc000,0x0000000251cfc000)]
  0x00007f867b001000 JavaThread "DestroyJavaVM" [_thread_blocked, id=5379, stack(0x0000000111790000,0x0000000111890000)]
  0x00007f867a802000 JavaThread "LWJGL Renderer Thread" [_thread_in_native, id=55303, stack(0x00000001f02ec000,0x00000001f03ec000)]
  0x00007f867bb80800 JavaThread "TimerQueue" daemon [_thread_blocked, id=57431, stack(0x00000002544c6000,0x00000002545c6000)]
  0x00007f867b15e000 JavaThread "Timer-0" daemon [_thread_blocked, id=52239, stack(0x00000001ef69a000,0x00000001ef79a000)]
  0x00007f867c150800 JavaThread "Java2D Disposer" daemon [_thread_blocked, id=51495, stack(0x00000001ef37f000,0x00000001ef47f000)]
  0x00007f867a9c7800 JavaThread "Java2D Queue Flusher" daemon [_thread_blocked, id=50439, stack(0x00000001ee333000,0x00000001ee433000)]
=>0x00007f867c0d4000 JavaThread "AppKit Thread" daemon [_thread_in_native, id=1299, stack(0x00007fff4f55b000,0x00007fff4fd5b000)]
  0x00007f867c01f000 JavaThread "Service Thread" daemon [_thread_blocked, id=18435, stack(0x00000001e984f000,0x00000001e994f000)]
  0x00007f867b021800 JavaThread "C1 CompilerThread2" daemon [_thread_blocked, id=17923, stack(0x00000001e974c000,0x00000001e984c000)]
  0x00007f867b021000 JavaThread "C2 CompilerThread1" daemon [_thread_blocked, id=17411, stack(0x00000001e9649000,0x00000001e9749000)]
  0x00007f867a822000 JavaThread "C2 CompilerThread0" daemon [_thread_blocked, id=16899, stack(0x00000001e9546000,0x00000001e9646000)]
  0x00007f867b030800 JavaThread "Signal Dispatcher" daemon [_thread_blocked, id=13323, stack(0x00000001e9443000,0x00000001e9543000)]
  0x00007f867a817000 JavaThread "Finalizer" daemon [_thread_blocked, id=12035, stack(0x00000001e7a22000,0x00000001e7b22000)]
  0x00007f867c019000 JavaThread "Reference Handler" daemon [_thread_blocked, id=11523, stack(0x00000001e791f000,0x00000001e7a1f000)]

Other Threads:
  0x00007f867a812000 VMThread [stack: 0x00000001e781c000,0x00000001e791c000] [id=11011]
  0x00007f867a823000 WatcherThread [stack: 0x00000001e9952000,0x00000001e9a52000] [id=18947]

VM state:not at safepoint (normal execution)

VM Mutex/Monitor currently owned by a thread: None

Heap:
 PSYoungGen      total 194560K, used 44683K [0x0000000176580000, 0x0000000184a00000, 0x00000001a1000000)
  eden space 182784K, 23% used [0x0000000176580000,0x0000000178fde8b0,0x0000000181800000)
  from space 11776K, 11% used [0x0000000181800000,0x00000001819444b8,0x0000000182380000)
  to   space 11264K, 0% used [0x0000000183f00000,0x0000000183f00000,0x0000000184a00000)
 ParOldGen       total 59904K, used 11647K [0x0000000121000000, 0x0000000124a80000, 0x0000000176580000)
  object space 59904K, 19% used [0x0000000121000000,0x0000000121b5ff38,0x0000000124a80000)
 Metaspace       used 23205K, capacity 23630K, committed 23856K, reserved 1071104K
  class space    used 2618K, capacity 2749K, committed 2864K, reserved 1048576K

Card table byte_map: [0x00000001a1000000,0x00000001a1401000] byte_map_base: 0x00000001a06f8000

Marking Bits: (ParMarkBitMap*) 0x00000001110e3ea0
 Begin Bits: [0x00000001a19b5000, 0x00000001a39b5000)
 End Bits:   [0x00000001a39b5000, 0x00000001a59b5000)

Polling page: 0x000000010fffe000

CodeCache: size=245760Kb used=13953Kb max_used=15069Kb free=231807Kb
 bounds [0x00000001118a3000, 0x0000000112793000, 0x00000001208a3000]
 total_blobs=4445 nmethods=3743 adapters=615
 compilation: enabled

Compilation events (10 events):
Event: 149.903 Thread 0x00007f867a822000 4539       4       org.lwjgl.BufferChecks::checkDirect (24 bytes)
Event: 149.903 Thread 0x00007f867b021800 4540       2       org.lwjgl.MemoryUtil::getAddress (9 bytes)
Event: 149.904 Thread 0x00007f867b021800 nmethod 4540 0x00000001121061d0 code [0x0000000112106340, 0x00000001121064b0]
Event: 149.904 Thread 0x00007f867b021800 4542       3       java.util.HashMap::afterNodeRemoval (1 bytes)
Event: 149.905 Thread 0x00007f867b021800 nmethod 4542 0x0000000112105ed0 code [0x0000000112106020, 0x0000000112106170]
Event: 149.905 Thread 0x00007f867b021000 4541       4       org.lwjgl.MemoryUtil::getAddress (10 bytes)
Event: 149.905 Thread 0x00007f867a822000 nmethod 4539 0x0000000112079610 code [0x0000000112079760, 0x00000001120797d8]
Event: 149.906 Thread 0x00007f867b021000 nmethod 4541 0x00000001120b2050 code [0x00000001120b21a0, 0x00000001120b2218]
Event: 149.909 Thread 0x00007f867a822000 4543       4       java.nio.DirectByteBuffer::put (18 bytes)
Event: 149.910 Thread 0x00007f867a822000 nmethod 4543 0x0000000112105c10 code [0x0000000112105d60, 0x0000000112105e18]

GC Heap History (10 events):
Event: 44.013 GC heap before
{Heap before GC invocations=8 (full 1):
 PSYoungGen      total 114176K, used 107321K [0x0000000176580000, 0x000000017e400000, 0x00000001a1000000)
  eden space 105984K, 100% used [0x0000000176580000,0x000000017cd00000,0x000000017cd00000)
  from space 8192K, 16% used [0x000000017dc00000,0x000000017dd4e4f8,0x000000017e400000)
  to   space 11776K, 0% used [0x000000017cd00000,0x000000017cd00000,0x000000017d880000)
 ParOldGen       total 59904K, used 11615K [0x0000000121000000, 0x0000000124a80000, 0x0000000176580000)
  object space 59904K, 19% used [0x0000000121000000,0x0000000121b57f38,0x0000000124a80000)
 Metaspace       used 22936K, capacity 23374K, committed 23600K, reserved 1071104K
  class space    used 2593K, capacity 2749K, committed 2864K, reserved 1048576K
Event: 44.019 GC heap after
Heap after GC invocations=8 (full 1):
 PSYoungGen      total 117760K, used 1303K [0x0000000176580000, 0x0000000181a80000, 0x00000001a1000000)
  eden space 105984K, 0% used [0x0000000176580000,0x0000000176580000,0x000000017cd00000)
  from space 11776K, 11% used [0x000000017cd00000,0x000000017ce45dc8,0x000000017d880000)
  to   space 12288K, 0% used [0x0000000180e80000,0x0000000180e80000,0x0000000181a80000)
 ParOldGen       total 59904K, used 11623K [0x0000000121000000, 0x0000000124a80000, 0x0000000176580000)
  object space 59904K, 19% used [0x0000000121000000,0x0000000121b59f38,0x0000000124a80000)
 Metaspace       used 22936K, capacity 23374K, committed 23600K, reserved 1071104K
  class space    used 2593K, capacity 2749K, committed 2864K, reserved 1048576K
}
Event: 60.712 GC heap before
{Heap before GC invocations=9 (full 1):
 PSYoungGen      total 117760K, used 107287K [0x0000000176580000, 0x0000000181a80000, 0x00000001a1000000)
  eden space 105984K, 100% used [0x0000000176580000,0x000000017cd00000,0x000000017cd00000)
  from space 11776K, 11% used [0x000000017cd00000,0x000000017ce45dc8,0x000000017d880000)
  to   space 12288K, 0% used [0x0000000180e80000,0x0000000180e80000,0x0000000181a80000)
 ParOldGen       total 59904K, used 11623K [0x0000000121000000, 0x0000000124a80000, 0x0000000176580000)
  object space 59904K, 19% used [0x0000000121000000,0x0000000121b59f38,0x0000000124a80000)
 Metaspace       used 22936K, capacity 23374K, committed 23600K, reserved 1071104K
  class space    used 2593K, capacity 2749K, committed 2864K, reserved 1048576K
Event: 60.716 GC heap after
Heap after GC invocations=9 (full 1):
 PSYoungGen      total 158720K, used 1297K [0x0000000176580000, 0x0000000181380000, 0x00000001a1000000)
  eden space 153600K, 0% used [0x0000000176580000,0x0000000176580000,0x000000017fb80000)
  from space 5120K, 25% used [0x0000000180e80000,0x0000000180fc44b8,0x0000000181380000)
  to   space 12288K, 0% used [0x000000017fb80000,0x000000017fb80000,0x0000000180780000)
 ParOldGen       total 59904K, used 11631K [0x0000000121000000, 0x0000000124a80000, 0x0000000176580000)
  object space 59904K, 19% used [0x0000000121000000,0x0000000121b5bf38,0x0000000124a80000)
 Metaspace       used 22936K, capacity 23374K, committed 23600K, reserved 1071104K
  class space    used 2593K, capacity 2749K, committed 2864K, reserved 1048576K
}
Event: 85.978 GC heap before
{Heap before GC invocations=10 (full 1):
 PSYoungGen      total 158720K, used 154897K [0x0000000176580000, 0x0000000181380000, 0x00000001a1000000)
  eden space 153600K, 100% used [0x0000000176580000,0x000000017fb80000,0x000000017fb80000)
  from space 5120K, 25% used [0x0000000180e80000,0x0000000180fc44b8,0x0000000181380000)
  to   space 12288K, 0% used [0x000000017fb80000,0x000000017fb80000,0x0000000180780000)
 ParOldGen       total 59904K, used 11631K [0x0000000121000000, 0x0000000124a80000, 0x0000000176580000)
  object space 59904K, 19% used [0x0000000121000000,0x0000000121b5bf38,0x0000000124a80000)
 Metaspace       used 22944K, capacity 23374K, committed 23600K, reserved 1071104K
  class space    used 2593K, capacity 2749K, committed 2864K, reserved 1048576K
Event: 85.982 GC heap after
Heap after GC invocations=10 (full 1):
 PSYoungGen      total 165888K, used 1337K [0x0000000176580000, 0x0000000183480000, 0x00000001a1000000)
  eden space 153600K, 0% used [0x0000000176580000,0x0000000176580000,0x000000017fb80000)
  from space 12288K, 10% used [0x000000017fb80000,0x000000017fcce4f8,0x0000000180780000)
  to   space 11776K, 0% used [0x0000000182900000,0x0000000182900000,0x0000000183480000)
 ParOldGen       total 59904K, used 11639K [0x0000000121000000, 0x0000000124a80000, 0x0000000176580000)
  object space 59904K, 19% used [0x0000000121000000,0x0000000121b5df38,0x0000000124a80000)
 Metaspace       used 22944K, capacity 23374K, committed 23600K, reserved 1071104K
  class space    used 2593K, capacity 2749K, committed 2864K, reserved 1048576K
}
Event: 113.061 GC heap before
{Heap before GC invocations=11 (full 1):
 PSYoungGen      total 165888K, used 154937K [0x0000000176580000, 0x0000000183480000, 0x00000001a1000000)
  eden space 153600K, 100% used [0x0000000176580000,0x000000017fb80000,0x000000017fb80000)
  from space 12288K, 10% used [0x000000017fb80000,0x000000017fcce4f8,0x0000000180780000)
  to   space 11776K, 0% used [0x0000000182900000,0x0000000182900000,0x0000000183480000)
 ParOldGen       total 59904K, used 11639K [0x0000000121000000, 0x0000000124a80000, 0x0000000176580000)
  object space 59904K, 19% used [0x0000000121000000,0x0000000121b5df38,0x0000000124a80000)
 Metaspace       used 22945K, capacity 23374K, committed 23600K, reserved 1071104K
  class space    used 2593K, capacity 2749K, committed 2864K, reserved 1048576K
Event: 113.064 GC heap after
Heap after GC invocations=11 (full 1):
 PSYoungGen      total 188928K, used 1342K [0x0000000176580000, 0x0000000182f00000, 0x00000001a1000000)
  eden space 182784K, 0% used [0x0000000176580000,0x0000000176580000,0x0000000181800000)
  from space 6144K, 21% used [0x0000000182900000,0x0000000182a4fbe0,0x0000000182f00000)
  to   space 11776K, 0% used [0x0000000181800000,0x0000000181800000,0x0000000182380000)
 ParOldGen       total 59904K, used 11647K [0x0000000121000000, 0x0000000124a80000, 0x0000000176580000)
  object space 59904K, 19% used [0x0000000121000000,0x0000000121b5ff38,0x0000000124a80000)
 Metaspace       used 22945K, capacity 23374K, committed 23600K, reserved 1071104K
  class space    used 2593K, capacity 2749K, committed 2864K, reserved 1048576K
}
Event: 141.678 GC heap before
{Heap before GC invocations=12 (full 1):
 PSYoungGen      total 188928K, used 184126K [0x0000000176580000, 0x0000000182f00000, 0x00000001a1000000)
  eden space 182784K, 100% used [0x0000000176580000,0x0000000181800000,0x0000000181800000)
  from space 6144K, 21% used [0x0000000182900000,0x0000000182a4fbe0,0x0000000182f00000)
  to   space 11776K, 0% used [0x0000000181800000,0x0000000181800000,0x0000000182380000)
 ParOldGen       total 59904K, used 11647K [0x0000000121000000, 0x0000000124a80000, 0x0000000176580000)
  object space 59904K, 19% used [0x0000000121000000,0x0000000121b5ff38,0x0000000124a80000)
 Metaspace       used 22953K, capacity 23374K, committed 23600K, reserved 1071104K
  class space    used 2594K, capacity 2749K, committed 2864K, reserved 1048576K
Event: 141.681 GC heap after
Heap after GC invocations=12 (full 1):
 PSYoungGen      total 194560K, used 1297K [0x0000000176580000, 0x0000000184a00000, 0x00000001a1000000)
  eden space 182784K, 0% used [0x0000000176580000,0x0000000176580000,0x0000000181800000)
  from space 11776K, 11% used [0x0000000181800000,0x00000001819444b8,0x0000000182380000)
  to   space 11264K, 0% used [0x0000000183f00000,0x0000000183f00000,0x0000000184a00000)
 ParOldGen       total 59904K, used 11647K [0x0000000121000000, 0x0000000124a80000, 0x0000000176580000)
  object space 59904K, 19% used [0x0000000121000000,0x0000000121b5ff38,0x0000000124a80000)
 Metaspace       used 22953K, capacity 23374K, committed 23600K, reserved 1071104K
  class space    used 2594K, capacity 2749K, committed 2864K, reserved 1048576K
}

Deoptimization events (10 events):
Event: 147.000 Thread 0x00007f867a802000 Uncommon trap: reason=null_check action=make_not_entrant pc=0x0000000112062cdc method=com.jme3.niftygui.RenderDeviceJme.renderFont(Lde/lessvoid/nifty/spi/render/RenderFont;Ljava/lang/String;IILde/lessvoid/nifty/tools/Color;FF)V @ 57
Event: 147.000 Thread 0x00007f867a802000 Uncommon trap: reason=unstable_if action=reinterpret pc=0x000000011247eec8 method=java.nio.DirectShortBufferU.put([SII)Ljava/nio/ShortBuffer; @ 8
Event: 147.001 Thread 0x00007f867a802000 Uncommon trap: reason=unstable_if action=reinterpret pc=0x000000011260003c method=de.lessvoid.nifty.elements.render.ImageRenderer.render(Lde/lessvoid/nifty/elements/Element;Lde/lessvoid/nifty/render/NiftyRenderEngine;)V @ 4
Event: 147.002 Thread 0x00007f867a802000 Uncommon trap: reason=unstable_if action=reinterpret pc=0x0000000111a596cc method=com.jme3.app.state.AppStateManager.postRender()V @ 32
Event: 147.009 Thread 0x00007f867a802000 Uncommon trap: reason=unstable_if action=reinterpret pc=0x00000001120508a4 method=org.lwjgl.opengl.MacOSXNativeMouse.poll(Ljava/nio/IntBuffer;Ljava/nio/ByteBuffer;)V @ 4
Event: 147.109 Thread 0x00007f867a802000 Uncommon trap: reason=unstable_if action=reinterpret pc=0x0000000111fc8c6c method=org.lwjgl.input.Mouse.next()Z @ 60
Event: 147.109 Thread 0x00007f867a802000 Uncommon trap: reason=class_check action=maybe_recompile pc=0x0000000111fb7dbc method=com.jme3.niftygui.InputSystemJme.forwardEvents(Lde/lessvoid/nifty/NiftyInputConsumer;)V @ 23
Event: 147.128 Thread 0x00007f867a802000 Uncommon trap: reason=class_check action=maybe_recompile pc=0x0000000111fb7dbc method=com.jme3.niftygui.InputSystemJme.forwardEvents(Lde/lessvoid/nifty/NiftyInputConsumer;)V @ 23
Event: 147.144 Thread 0x00007f867a802000 Uncommon trap: reason=class_check action=maybe_recompile pc=0x0000000111fb7dbc method=com.jme3.niftygui.InputSystemJme.forwardEvents(Lde/lessvoid/nifty/NiftyInputConsumer;)V @ 23
Event: 147.176 Thread 0x00007f867a802000 Uncommon trap: reason=class_check action=maybe_recompile pc=0x0000000111fb7dbc method=com.jme3.niftygui.InputSystemJme.forwardEvents(Lde/lessvoid/nifty/NiftyInputConsumer;)V @ 23

Internal exceptions (10 events):
Event: 6.847 Thread 0x00007f867a802000 Exception <a 'java/lang/UnsatisfiedLinkError'> (0x000000017791f7d8) thrown at [/Users/java_re/workspace/8-2-build-macosx-x86_64/jdk8u72/5732/hotspot/src/share/vm/prims/jvm.cpp, line 1390]
Event: 7.171 Thread 0x00007f867babe800 Exception <a 'java/security/PrivilegedActionException'> (0x000000017803f290) thrown at [/Users/java_re/workspace/8-2-build-macosx-x86_64/jdk8u72/5732/hotspot/src/share/vm/prims/jvm.cpp, line 1386]
Event: 7.171 Thread 0x00007f867babe800 Exception <a 'java/security/PrivilegedActionException'> (0x0000000178040e00) thrown at [/Users/java_re/workspace/8-2-build-macosx-x86_64/jdk8u72/5732/hotspot/src/share/vm/prims/jvm.cpp, line 1386]
Event: 7.171 Thread 0x00007f867babe800 Exception <a 'java/security/PrivilegedActionException'> (0x0000000178041f20) thrown at [/Users/java_re/workspace/8-2-build-macosx-x86_64/jdk8u72/5732/hotspot/src/share/vm/prims/jvm.cpp, line 1386]
Event: 7.171 Thread 0x00007f867babe800 Exception <a 'java/security/PrivilegedActionException'> (0x0000000178046ff8) thrown at [/Users/java_re/workspace/8-2-build-macosx-x86_64/jdk8u72/5732/hotspot/src/share/vm/prims/jvm.cpp, line 1386]
Event: 7.171 Thread 0x00007f867babe800 Exception <a 'java/security/PrivilegedActionException'> (0x0000000178047c50) thrown at [/Users/java_re/workspace/8-2-build-macosx-x86_64/jdk8u72/5732/hotspot/src/share/vm/prims/jvm.cpp, line 1386]
Event: 7.171 Thread 0x00007f867babe800 Exception <a 'java/security/PrivilegedActionException'> (0x0000000178048878) thrown at [/Users/java_re/workspace/8-2-build-macosx-x86_64/jdk8u72/5732/hotspot/src/share/vm/prims/jvm.cpp, line 1386]
Event: 15.831 Thread 0x00007f867a802000 Implicit null exception at 0x00000001121ea358 to 0x00000001121ea6c9
Event: 146.985 Thread 0x00007f867a802000 Exception <a 'sun/nio/fs/UnixException'> (0x0000000178a2d740) thrown at [/Users/java_re/workspace/8-2-build-macosx-x86_64/jdk8u72/5732/hotspot/src/share/vm/prims/jni.cpp, line 709]
Event: 147.000 Thread 0x00007f867a802000 Implicit null exception at 0x0000000112061b87 to 0x0000000112062c55

Events (10 events):
Event: 147.128 Thread 0x00007f867a802000 DEOPT PACKING pc=0x0000000111fb7dbc sp=0x00000001f03eb4b0
Event: 147.128 Thread 0x00007f867a802000 DEOPT UNPACKING pc=0x00000001118a8229 sp=0x00000001f03eb470 mode 2
Event: 147.144 Thread 0x00007f867a802000 Uncommon trap: trap_request=0xffffffde fr.pc=0x0000000111fb7dbc
Event: 147.144 Thread 0x00007f867a802000 DEOPT PACKING pc=0x0000000111fb7dbc sp=0x00000001f03eb4b0
Event: 147.144 Thread 0x00007f867a802000 DEOPT UNPACKING pc=0x00000001118a8229 sp=0x00000001f03eb470 mode 2
Event: 147.176 Thread 0x00007f867a802000 Uncommon trap: trap_request=0xffffffde fr.pc=0x0000000111fb7dbc
Event: 147.176 Thread 0x00007f867a802000 DEOPT PACKING pc=0x0000000111fb7dbc sp=0x00000001f03eb4b0
Event: 147.176 Thread 0x00007f867a802000 DEOPT UNPACKING pc=0x00000001118a8229 sp=0x00000001f03eb470 mode 2
Event: 149.909 loading class org/lwjgl/opengl/CallbackUtil
Event: 149.909 loading class org/lwjgl/opengl/CallbackUtil done


Dynamic libraries:
0x000000000be3f000 	/System/Library/Frameworks/Cocoa.framework/Versions/A/Cocoa
0x000000000be3f000 	/System/Library/Frameworks/Security.framework/Versions/A/Security
0x000000000be3f000 	/System/Library/Frameworks/ApplicationServices.framework/Versions/A/ApplicationServices
0x000000000be3f000 	/usr/lib/libz.1.dylib
0x000000000be3f000 	/usr/lib/libSystem.B.dylib
0x000000000be3f000 	/usr/lib/libobjc.A.dylib
0x000000000be3f000 	/System/Library/Frameworks/CoreFoundation.framework/Versions/A/CoreFoundation
0x000000000be3f000 	/System/Library/Frameworks/Foundation.framework/Versions/C/Foundation
0x000000000be3f000 	/System/Library/Frameworks/AppKit.framework/Versions/C/AppKit
0x000000000be3f000 	/System/Library/Frameworks/CoreData.framework/Versions/A/CoreData
0x000000000be3f000 	/System/Library/PrivateFrameworks/RemoteViewServices.framework/Versions/A/RemoteViewServices
0x000000000be3f000 	/System/Library/PrivateFrameworks/UIFoundation.framework/Versions/A/UIFoundation
0x000000000be3f000 	/System/Library/Frameworks/IOSurface.framework/Versions/A/IOSurface
0x000000000be3f000 	/System/Library/Frameworks/AudioToolbox.framework/Versions/A/AudioToolbox
0x000000000be3f000 	/System/Library/Frameworks/AudioUnit.framework/Versions/A/AudioUnit
0x000000000be3f000 	/System/Library/PrivateFrameworks/DataDetectorsCore.framework/Versions/A/DataDetectorsCore
0x000000000be3f000 	/System/Library/PrivateFrameworks/DesktopServicesPriv.framework/Versions/A/DesktopServicesPriv
0x000000000be3f000 	/System/Library/Frameworks/Carbon.framework/Versions/A/Frameworks/HIToolbox.framework/Versions/A/HIToolbox
0x000000000be3f000 	/System/Library/Frameworks/QuartzCore.framework/Versions/A/QuartzCore
0x000000000be3f000 	/System/Library/Frameworks/Carbon.framework/Versions/A/Frameworks/SpeechRecognition.framework/Versions/A/SpeechRecognition
0x000000000be3f000 	/usr/lib/libauto.dylib
0x000000000be3f000 	/usr/lib/libicucore.A.dylib
0x000000000be3f000 	/usr/lib/libxml2.2.dylib
0x000000000be3f000 	/System/Library/PrivateFrameworks/CoreUI.framework/Versions/A/CoreUI
0x000000000be3f000 	/System/Library/Frameworks/CoreAudio.framework/Versions/A/CoreAudio
0x000000000be3f000 	/System/Library/Frameworks/DiskArbitration.framework/Versions/A/DiskArbitration
0x000000000be3f000 	/usr/lib/liblangid.dylib
0x000000000be3f000 	/System/Library/PrivateFrameworks/MultitouchSupport.framework/Versions/A/MultitouchSupport
0x000000000be3f000 	/System/Library/Frameworks/IOKit.framework/Versions/A/IOKit
0x000000000be3f000 	/usr/lib/libDiagnosticMessagesClient.dylib
0x000000000be3f000 	/System/Library/Frameworks/CoreServices.framework/Versions/A/CoreServices
0x000000000be3f000 	/System/Library/PrivateFrameworks/PerformanceAnalysis.framework/Versions/A/PerformanceAnalysis
0x000000000be3f000 	/System/Library/PrivateFrameworks/GenerationalStorage.framework/Versions/A/GenerationalStorage
0x000000000be3f000 	/System/Library/Frameworks/OpenGL.framework/Versions/A/OpenGL
0x000000000be3f000 	/System/Library/PrivateFrameworks/Sharing.framework/Versions/A/Sharing
0x000000000be3f000 	/System/Library/Frameworks/CoreGraphics.framework/Versions/A/CoreGraphics
0x000000000be3f000 	/System/Library/Frameworks/CoreText.framework/Versions/A/CoreText
0x000000000be3f000 	/System/Library/Frameworks/ImageIO.framework/Versions/A/ImageIO
0x000000000be3f000 	/usr/lib/libextension.dylib
0x000000000be3f000 	/System/Library/PrivateFrameworks/Backup.framework/Versions/A/Backup
0x000000000be3f000 	/usr/lib/libarchive.2.dylib
0x000000000be3f000 	/System/Library/Frameworks/CFNetwork.framework/Versions/A/CFNetwork
0x000000000be3f000 	/System/Library/Frameworks/SystemConfiguration.framework/Versions/A/SystemConfiguration
0x000000000be3f000 	/usr/lib/libCRFSuite.dylib
0x000000000be3f000 	/usr/lib/libc++.1.dylib
0x000000000be3f000 	/usr/lib/libc++abi.dylib
0x000000000be3f000 	/usr/lib/system/libcache.dylib
0x000000000be3f000 	/usr/lib/system/libcommonCrypto.dylib
0x000000000be3f000 	/usr/lib/system/libcompiler_rt.dylib
0x000000000be3f000 	/usr/lib/system/libcopyfile.dylib
0x000000000be3f000 	/usr/lib/system/libcorecrypto.dylib
0x000000000be3f000 	/usr/lib/system/libdispatch.dylib
0x000000000be3f000 	/usr/lib/system/libdyld.dylib
0x000000000be3f000 	/usr/lib/system/libkeymgr.dylib
0x000000000be3f000 	/usr/lib/system/liblaunch.dylib
0x000000000be3f000 	/usr/lib/system/libmacho.dylib
0x000000000be3f000 	/usr/lib/system/libquarantine.dylib
0x000000000be3f000 	/usr/lib/system/libremovefile.dylib
0x000000000be3f000 	/usr/lib/system/libsystem_asl.dylib
0x000000000be3f000 	/usr/lib/system/libsystem_blocks.dylib
0x000000000be3f000 	/usr/lib/system/libsystem_c.dylib
0x000000000be3f000 	/usr/lib/system/libsystem_configuration.dylib
0x000000000be3f000 	/usr/lib/system/libsystem_coreservices.dylib
0x000000000be3f000 	/usr/lib/system/libsystem_coretls.dylib
0x000000000be3f000 	/usr/lib/system/libsystem_dnssd.dylib
0x000000000be3f000 	/usr/lib/system/libsystem_info.dylib
0x000000000be3f000 	/usr/lib/system/libsystem_kernel.dylib
0x000000000be3f000 	/usr/lib/system/libsystem_m.dylib
0x000000000be3f000 	/usr/lib/system/libsystem_malloc.dylib
0x000000000be3f000 	/usr/lib/system/libsystem_network.dylib
0x000000000be3f000 	/usr/lib/system/libsystem_networkextension.dylib
0x000000000be3f000 	/usr/lib/system/libsystem_notify.dylib
0x000000000be3f000 	/usr/lib/system/libsystem_platform.dylib
0x000000000be3f000 	/usr/lib/system/libsystem_pthread.dylib
0x000000000be3f000 	/usr/lib/system/libsystem_sandbox.dylib
0x000000000be3f000 	/usr/lib/system/libsystem_secinit.dylib
0x000000000be3f000 	/usr/lib/system/libsystem_stats.dylib
0x000000000be3f000 	/usr/lib/system/libsystem_trace.dylib
0x000000000be3f000 	/usr/lib/system/libunc.dylib
0x000000000be3f000 	/usr/lib/system/libunwind.dylib
0x000000000be3f000 	/usr/lib/system/libxpc.dylib
0x000000000be3f000 	/usr/lib/libbz2.1.0.dylib
0x000000000be3f000 	/usr/lib/liblzma.5.dylib
0x000000000be3f000 	/usr/lib/libbsm.0.dylib
0x000000000be3f000 	/usr/lib/libsqlite3.dylib
0x000000000be3f000 	/usr/lib/system/libkxld.dylib
0x000000000be3f000 	/usr/lib/libxar.1.dylib
0x000000000be3f000 	/usr/lib/libpam.2.dylib
0x000000000be3f000 	/usr/lib/libOpenScriptingUtil.dylib
0x000000000be3f000 	/System/Library/Frameworks/CoreServices.framework/Versions/A/Frameworks/FSEvents.framework/Versions/A/FSEvents
0x000000000be3f000 	/System/Library/Frameworks/CoreServices.framework/Versions/A/Frameworks/CarbonCore.framework/Versions/A/CarbonCore
0x000000000be3f000 	/System/Library/Frameworks/CoreServices.framework/Versions/A/Frameworks/Metadata.framework/Versions/A/Metadata
0x000000000be3f000 	/System/Library/Frameworks/CoreServices.framework/Versions/A/Frameworks/OSServices.framework/Versions/A/OSServices
0x000000000be3f000 	/System/Library/Frameworks/CoreServices.framework/Versions/A/Frameworks/SearchKit.framework/Versions/A/SearchKit
0x000000000be3f000 	/System/Library/Frameworks/CoreServices.framework/Versions/A/Frameworks/AE.framework/Versions/A/AE
0x000000000be3f000 	/System/Library/Frameworks/CoreServices.framework/Versions/A/Frameworks/LaunchServices.framework/Versions/A/LaunchServices
0x000000000be3f000 	/System/Library/Frameworks/CoreServices.framework/Versions/A/Frameworks/DictionaryServices.framework/Versions/A/DictionaryServices
0x000000000be3f000 	/System/Library/Frameworks/NetFS.framework/Versions/A/NetFS
0x000000000be3f000 	/System/Library/PrivateFrameworks/NetAuth.framework/Versions/A/NetAuth
0x000000000be3f000 	/System/Library/PrivateFrameworks/login.framework/Versions/A/Frameworks/loginsupport.framework/Versions/A/loginsupport
0x000000000be3f000 	/System/Library/PrivateFrameworks/TCC.framework/Versions/A/TCC
0x000000000be3f000 	/usr/lib/libmecabra.dylib
0x000000000be3f000 	/System/Library/Frameworks/ApplicationServices.framework/Versions/A/Frameworks/ATS.framework/Versions/A/ATS
0x000000000be3f000 	/System/Library/Frameworks/ApplicationServices.framework/Versions/A/Frameworks/ColorSync.framework/Versions/A/ColorSync
0x000000000be3f000 	/System/Library/Frameworks/ApplicationServices.framework/Versions/A/Frameworks/HIServices.framework/Versions/A/HIServices
0x000000000be3f000 	/System/Library/Frameworks/ApplicationServices.framework/Versions/A/Frameworks/LangAnalysis.framework/Versions/A/LangAnalysis
0x000000000be3f000 	/System/Library/Frameworks/ApplicationServices.framework/Versions/A/Frameworks/PrintCore.framework/Versions/A/PrintCore
0x000000000be3f000 	/System/Library/Frameworks/ApplicationServices.framework/Versions/A/Frameworks/QD.framework/Versions/A/QD
0x000000000be3f000 	/System/Library/Frameworks/ApplicationServices.framework/Versions/A/Frameworks/SpeechSynthesis.framework/Versions/A/SpeechSynthesis
0x000000000be3f000 	/System/Library/Frameworks/Accelerate.framework/Versions/A/Accelerate
0x000000000be3f000 	/System/Library/Frameworks/Accelerate.framework/Versions/A/Frameworks/vImage.framework/Versions/A/vImage
0x000000000be3f000 	/System/Library/Frameworks/Accelerate.framework/Versions/A/Frameworks/vecLib.framework/Versions/A/vecLib
0x000000000be3f000 	/System/Library/Frameworks/Accelerate.framework/Versions/A/Frameworks/vecLib.framework/Versions/A/libvDSP.dylib
0x000000000be3f000 	/System/Library/Frameworks/Accelerate.framework/Versions/A/Frameworks/vecLib.framework/Versions/A/libvMisc.dylib
0x000000000be3f000 	/System/Library/Frameworks/Accelerate.framework/Versions/A/Frameworks/vecLib.framework/Versions/A/libLAPACK.dylib
0x000000000be3f000 	/System/Library/Frameworks/Accelerate.framework/Versions/A/Frameworks/vecLib.framework/Versions/A/libBLAS.dylib
0x000000000be3f000 	/System/Library/Frameworks/Accelerate.framework/Versions/A/Frameworks/vecLib.framework/Versions/A/libLinearAlgebra.dylib
0x000000000be3f000 	/System/Library/Frameworks/ApplicationServices.framework/Versions/A/Frameworks/ATS.framework/Versions/A/Resources/libFontParser.dylib
0x000000000be3f000 	/System/Library/Frameworks/ApplicationServices.framework/Versions/A/Frameworks/ATS.framework/Versions/A/Resources/libFontRegistry.dylib
0x000000000be3f000 	/System/Library/PrivateFrameworks/AppleVPA.framework/Versions/A/AppleVPA
0x000000000be3f000 	/System/Library/PrivateFrameworks/AppleJPEG.framework/Versions/A/AppleJPEG
0x000000000be3f000 	/System/Library/Frameworks/ImageIO.framework/Versions/A/Resources/libJPEG.dylib
0x000000000be3f000 	/System/Library/Frameworks/ImageIO.framework/Versions/A/Resources/libTIFF.dylib
0x000000000be3f000 	/System/Library/Frameworks/ImageIO.framework/Versions/A/Resources/libPng.dylib
0x000000000be3f000 	/System/Library/Frameworks/ImageIO.framework/Versions/A/Resources/libGIF.dylib
0x000000000be3f000 	/System/Library/Frameworks/ImageIO.framework/Versions/A/Resources/libJP2.dylib
0x000000000be3f000 	/System/Library/Frameworks/ImageIO.framework/Versions/A/Resources/libRadiance.dylib
0x000000000be3f000 	/System/Library/Frameworks/CoreVideo.framework/Versions/A/CoreVideo
0x000000000be3f000 	/System/Library/Frameworks/OpenGL.framework/Versions/A/Libraries/libGLU.dylib
0x000000000be3f000 	/System/Library/Frameworks/OpenGL.framework/Versions/A/Libraries/libGFXShared.dylib
0x000000000be3f000 	/System/Library/Frameworks/OpenGL.framework/Versions/A/Libraries/libGL.dylib
0x000000000be3f000 	/System/Library/Frameworks/OpenGL.framework/Versions/A/Libraries/libGLImage.dylib
0x000000000be3f000 	/System/Library/Frameworks/OpenGL.framework/Versions/A/Libraries/libCVMSPluginSupport.dylib
0x000000000be3f000 	/System/Library/Frameworks/OpenGL.framework/Versions/A/Libraries/libCoreVMClient.dylib
0x000000000be3f000 	/usr/lib/libcups.2.dylib
0x000000000be3f000 	/System/Library/Frameworks/Kerberos.framework/Versions/A/Kerberos
0x000000000be3f000 	/System/Library/Frameworks/GSS.framework/Versions/A/GSS
0x000000000be3f000 	/usr/lib/libresolv.9.dylib
0x000000000be3f000 	/usr/lib/libiconv.2.dylib
0x000000000be3f000 	/System/Library/PrivateFrameworks/Heimdal.framework/Versions/A/Heimdal
0x000000000be3f000 	/usr/lib/libheimdal-asn1.dylib
0x000000000be3f000 	/System/Library/Frameworks/OpenDirectory.framework/Versions/A/OpenDirectory
0x000000000be3f000 	/System/Library/PrivateFrameworks/CommonAuth.framework/Versions/A/CommonAuth
0x000000000be3f000 	/System/Library/Frameworks/OpenDirectory.framework/Versions/A/Frameworks/CFOpenDirectory.framework/Versions/A/CFOpenDirectory
0x000000000be3f000 	/System/Library/Frameworks/SecurityFoundation.framework/Versions/A/SecurityFoundation
0x000000000be3f000 	/System/Library/PrivateFrameworks/LanguageModeling.framework/Versions/A/LanguageModeling
0x000000000be3f000 	/usr/lib/libcmph.dylib
0x000000000be3f000 	/System/Library/Frameworks/ServiceManagement.framework/Versions/A/ServiceManagement
0x000000000be3f000 	/usr/lib/libxslt.1.dylib
0x000000000be3f000 	/System/Library/Frameworks/Carbon.framework/Versions/A/Frameworks/Ink.framework/Versions/A/Ink
0x000000000be3f000 	/System/Library/Frameworks/QuartzCore.framework/Versions/A/Frameworks/CoreImage.framework/Versions/A/CoreImage
0x000000000be3f000 	/System/Library/PrivateFrameworks/CrashReporterSupport.framework/Versions/A/CrashReporterSupport
0x000000000be3f000 	/System/Library/Frameworks/OpenCL.framework/Versions/A/OpenCL
0x000000000be3f000 	/System/Library/PrivateFrameworks/FaceCore.framework/Versions/A/FaceCore
0x000000000be3f000 	/System/Library/PrivateFrameworks/Ubiquity.framework/Versions/A/Ubiquity
0x000000000be3f000 	/System/Library/PrivateFrameworks/IconServices.framework/Versions/A/IconServices
0x000000000be3f000 	/System/Library/PrivateFrameworks/ChunkingLibrary.framework/Versions/A/ChunkingLibrary
0x000000000be3f000 	/System/Library/PrivateFrameworks/Apple80211.framework/Versions/A/Apple80211
0x000000000be3f000 	/System/Library/Frameworks/CoreWLAN.framework/Versions/A/CoreWLAN
0x000000000be3f000 	/System/Library/Frameworks/IOBluetooth.framework/Versions/A/IOBluetooth
0x000000000be3f000 	/System/Library/PrivateFrameworks/CoreWiFi.framework/Versions/A/CoreWiFi
0x000000000be3f000 	/System/Library/Frameworks/CoreBluetooth.framework/Versions/A/CoreBluetooth
0x000000000be3f000 	/System/Library/PrivateFrameworks/DebugSymbols.framework/Versions/A/DebugSymbols
0x000000000be3f000 	/System/Library/PrivateFrameworks/CoreSymbolication.framework/Versions/A/CoreSymbolication
0x000000000be3f000 	/System/Library/PrivateFrameworks/Symbolication.framework/Versions/A/Symbolication
0x000000000be3f000 	/System/Library/PrivateFrameworks/SpeechRecognitionCore.framework/Versions/A/SpeechRecognitionCore
0x0000000110800000 	/Library/Java/JavaVirtualMachines/jdk1.8.0_72.jdk/Contents/Home/jre/lib/server/libjvm.dylib
0x000000000be3f000 	/usr/lib/libstdc++.6.dylib
0x000000010ffbb000 	/Library/Java/JavaVirtualMachines/jdk1.8.0_72.jdk/Contents/Home/jre/lib/libverify.dylib
0x000000010ffc9000 	/Library/Java/JavaVirtualMachines/jdk1.8.0_72.jdk/Contents/Home/jre/lib/libjava.dylib
0x000000011189a000 	/Library/Java/JavaVirtualMachines/jdk1.8.0_72.jdk/Contents/Home/jre/lib/libzip.dylib
0x00000001e7b24000 	/System/Library/Frameworks/JavaVM.framework/Frameworks/JavaRuntimeSupport.framework/JavaRuntimeSupport
0x00000001e7b3c000 	/System/Library/Frameworks/JavaVM.framework/Versions/A/Frameworks/JavaNativeFoundation.framework/Versions/A/JavaNativeFoundation
0x00000001e7b51000 	/System/Library/Frameworks/JavaVM.framework/Versions/A/JavaVM
0x000000000be3f000 	/System/Library/Frameworks/Carbon.framework/Versions/A/Carbon
0x00000001e7b5e000 	/System/Library/PrivateFrameworks/JavaLaunching.framework/Versions/A/JavaLaunching
0x000000000be3f000 	/System/Library/Frameworks/Carbon.framework/Versions/A/Frameworks/CommonPanels.framework/Versions/A/CommonPanels
0x000000000be3f000 	/System/Library/Frameworks/Carbon.framework/Versions/A/Frameworks/Help.framework/Versions/A/Help
0x000000000be3f000 	/System/Library/Frameworks/Carbon.framework/Versions/A/Frameworks/ImageCapture.framework/Versions/A/ImageCapture
0x000000000be3f000 	/System/Library/Frameworks/Carbon.framework/Versions/A/Frameworks/OpenScripting.framework/Versions/A/OpenScripting
0x000000000be3f000 	/System/Library/Frameworks/Carbon.framework/Versions/A/Frameworks/Print.framework/Versions/A/Print
0x000000000be3f000 	/System/Library/Frameworks/Carbon.framework/Versions/A/Frameworks/SecurityHI.framework/Versions/A/SecurityHI
0x00000001e9afd000 	/Library/Java/JavaVirtualMachines/jdk1.8.0_72.jdk/Contents/Home/jre/lib/libawt.dylib
0x00000001e9ba5000 	/Library/Java/JavaVirtualMachines/jdk1.8.0_72.jdk/Contents/Home/jre/lib/./libmlib_image.dylib
0x00000001e9c71000 	/Library/Java/JavaVirtualMachines/jdk1.8.0_72.jdk/Contents/Home/jre/lib/libawt_lwawt.dylib
0x00000001e9d26000 	/Library/Java/JavaVirtualMachines/jdk1.8.0_72.jdk/Contents/Home/jre/lib/./libosxapp.dylib
0x000000000be3f000 	/System/Library/Frameworks/ExceptionHandling.framework/Versions/A/ExceptionHandling
0x000000000be3f000 	/System/Library/PrivateFrameworks/CoreServicesInternal.framework/Versions/A/CoreServicesInternal
0x000000000be3f000 	/System/Library/PrivateFrameworks/CloudDocs.framework/Versions/A/CloudDocs
0x000000000be3f000 	/System/Library/PrivateFrameworks/CoreDuet.framework/Versions/A/CoreDuet
0x000000000be3f000 	/System/Library/Frameworks/CloudKit.framework/Versions/A/CloudKit
0x000000000be3f000 	/System/Library/PrivateFrameworks/ProtocolBuffer.framework/Versions/A/ProtocolBuffer
0x000000000be3f000 	/System/Library/PrivateFrameworks/CoreDuetDaemonProtocol.framework/Versions/A/CoreDuetDaemonProtocol
0x000000000be3f000 	/System/Library/PrivateFrameworks/CoreDuetDebugLogging.framework/Versions/A/CoreDuetDebugLogging
0x000000000be3f000 	/System/Library/PrivateFrameworks/MMCS.framework/Versions/A/MMCS
0x000000000be3f000 	/System/Library/Frameworks/CoreLocation.framework/Versions/A/CoreLocation
0x000000000be3f000 	/System/Library/PrivateFrameworks/ProtectedCloudStorage.framework/Versions/A/ProtectedCloudStorage
0x000000000be3f000 	/System/Library/PrivateFrameworks/GeoServices.framework/Versions/A/GeoServices
0x000000000be3f000 	/System/Library/Frameworks/CoreGraphics.framework/Versions/A/Resources/libCGCMS.A.dylib
0x000000000be3f000 	/System/Library/Frameworks/CoreGraphics.framework/Versions/A/Resources/libRIP.A.dylib
0x000000000be3f000 	/System/Library/Frameworks/CoreGraphics.framework/Versions/A/Resources/libCGXType.A.dylib
0x000000000be3f000 	/System/Library/Frameworks/OpenCL.framework/Versions/A/Libraries/libcldcpuengine.dylib
0x000000000be3f000 	/System/Library/PrivateFrameworks/DiskImages.framework/Versions/A/DiskImages
0x000000000be3f000 	/System/Library/Frameworks/DiscRecording.framework/Versions/A/DiscRecording
0x000000000be3f000 	/usr/lib/libcsfde.dylib
0x000000000be3f000 	/usr/lib/libcurl.4.dylib
0x000000000be3f000 	/System/Library/PrivateFrameworks/MediaKit.framework/Versions/A/MediaKit
0x000000000be3f000 	/usr/lib/libCoreStorage.dylib
0x000000000be3f000 	/System/Library/PrivateFrameworks/EFILogin.framework/Versions/A/EFILogin
0x000000000be3f000 	/usr/lib/libutil.dylib
0x000000000be3f000 	/System/Library/PrivateFrameworks/FindMyDevice.framework/Versions/A/FindMyDevice
0x000000000be3f000 	/System/Library/Frameworks/LDAP.framework/Versions/A/LDAP
0x000000000be3f000 	/usr/lib/libsasl2.2.dylib
0x000000000be3f000 	/System/Library/PrivateFrameworks/CoreDaemon.framework/Versions/B/CoreDaemon
0x000000000be3f000 	/usr/lib/libcrypto.0.9.8.dylib
0x000000000be3f000 	/System/Library/PrivateFrameworks/AppleSRP.framework/Versions/A/AppleSRP
0x000000000be3f000 	/System/Library/PrivateFrameworks/TrustEvaluationAgent.framework/Versions/A/TrustEvaluationAgent
0x00000001ece3c000 	cl_kernels
0x00000001ece3e000 	/System/Library/Frameworks/OpenCL.framework/Versions/A/Libraries/ImageFormats/unorm8_bgra.dylib
0x00000001ece2e000 	cl_kernels
0x000000000be3f000 	/System/Library/PrivateFrameworks/FamilyControls.framework/Versions/A/FamilyControls
0x000000000be3f000 	/System/Library/PrivateFrameworks/CommerceKit.framework/Versions/A/Frameworks/CommerceCore.framework/Versions/A/CommerceCore
0x000000000be3f000 	/System/Library/PrivateFrameworks/SystemAdministration.framework/Versions/A/SystemAdministration
0x000000000be3f000 	/System/Library/PrivateFrameworks/AppContainer.framework/Versions/A/AppContainer
0x000000000be3f000 	/System/Library/PrivateFrameworks/SecCodeWrapper.framework/Versions/A/SecCodeWrapper
0x000000000be3f000 	/System/Library/Frameworks/DirectoryService.framework/Versions/A/DirectoryService
0x000000000be3f000 	/System/Library/PrivateFrameworks/LoginUIKit.framework/Versions/A/Frameworks/LoginUICore.framework/Versions/A/LoginUICore
0x000000000be3f000 	/usr/lib/libodfde.dylib
0x00000001ee1c8000 	/Library/Java/JavaVirtualMachines/jdk1.8.0_72.jdk/Contents/Home/jre/lib/libfontmanager.dylib
0x000000000be3f000 	/System/Library/Frameworks/OpenGL.framework/Versions/A/Resources/GLEngine.bundle/GLEngine
0x000000000be3f000 	/System/Library/Frameworks/OpenGL.framework/Versions/A/Libraries/libGLProgrammability.dylib
0x00000001ee435000 	/System/Library/Extensions/AppleIntelHD5000GraphicsGLDriver.bundle/Contents/MacOS/AppleIntelHD5000GraphicsGLDriver
0x000000000be3f000 	/System/Library/PrivateFrameworks/IOAccelerator.framework/Versions/A/IOAccelerator
0x000000000be3f000 	/System/Library/PrivateFrameworks/GPUSupport.framework/Versions/A/Libraries/libGPUSupportMercury.dylib
0x000000000be3f000 	/System/Library/Frameworks/OpenGL.framework/Versions/A/Resources/GLRendererFloat.bundle/GLRendererFloat
0x00000001ef481000 	/Library/Java/JavaVirtualMachines/jdk1.8.0_72.jdk/Contents/Home/jre/lib/libosxui.dylib
0x00000001ef68b000 	/Library/Java/JavaVirtualMachines/jdk1.8.0_72.jdk/Contents/Home/jre/lib/libosx.dylib
0x00000001f0f7c000 	/Library/Java/JavaVirtualMachines/jdk1.8.0_72.jdk/Contents/Home/jre/lib/libnet.dylib
0x00000001f0dc6000 	/Library/Java/JavaVirtualMachines/jdk1.8.0_72.jdk/Contents/Home/jre/lib/libnio.dylib
0x000000000be3f000 	/System/Library/Frameworks/ApplicationServices.framework/Versions/A/Frameworks/ATS.framework/Versions/A/Resources/libTrueTypeScaler.dylib
0x000000000be3f000 	/System/Library/Frameworks/Accelerate.framework/Versions/A/Frameworks/vImage.framework/Versions/A/Libraries/libCGInterfaces.dylib
0x00000001f03ee000 	/Users/Rjmcf/Desktop/jMonkeyProjects/TechDemo/DyNaDeMo/liblwjgl.dylib
0x00000001efc9e000 	/Library/Java/JavaVirtualMachines/jdk1.8.0_72.jdk/Contents/Home/jre/lib/libjawt.dylib
0x0000000251cfe000 	/Users/Rjmcf/Desktop/jMonkeyProjects/TechDemo/DyNaDeMo/openal.dylib
0x0000000251d6d000 	/System/Library/Components/CoreAudio.component/Contents/MacOS/CoreAudio
0x00000001f0bf1000 	/System/Library/Extensions/AppleHDA.kext/Contents/PlugIns/AppleHDAHALPlugIn.bundle/Contents/MacOS/AppleHDAHALPlugIn
0x00000001ef9f1000 	/Library/Java/JavaVirtualMachines/jdk1.8.0_72.jdk/Contents/Home/jre/lib/libjpeg.dylib

VM Arguments:
jvm_args: -Dfile.encoding=UTF-8 
java_command: uk.ac.cam.echo2016.dynademo.MainApplication
java_class_path (initial): /Users/Rjmcf/Desktop/jMonkeyPlatform.app/Contents/Resources/jmonkeyplatform/jmonkeyplatform/libs/jME3-core.jar:/Users/Rjmcf/Desktop/jMonkeyPlatform.app/Contents/Resources/jmonkeyplatform/jmonkeyplatform/libs/jME3-desktop.jar:/Users/Rjmcf/Desktop/jMonkeyPlatform.app/Contents/Resources/jmonkeyplatform/jmonkeyplatform/libs/jME3-plugins.jar:/Users/Rjmcf/Desktop/jMonkeyPlatform.app/Contents/Resources/jmonkeyplatform/jmonkeyplatform/libs/jME3-effects.jar:/Users/Rjmcf/Desktop/jMonkeyPlatform.app/Contents/Resources/jmonkeyplatform/jmonkeyplatform/libs/jME3-networking.jar:/Users/Rjmcf/Desktop/jMonkeyPlatform.app/Contents/Resources/jmonkeyplatform/jmonkeyplatform/libs/jME3-jogg.jar:/Users/Rjmcf/Desktop/jMonkeyPlatform.app/Contents/Resources/jmonkeyplatform/jmonkeyplatform/libs/j-ogg-oggd.jar:/Users/Rjmcf/Desktop/jMonkeyPlatform.app/Contents/Resources/jmonkeyplatform/jmonkeyplatform/libs/j-ogg-vorbisd.jar:/Users/Rjmcf/Desktop/jMonkeyPlatform.app/Contents/Resources/jmonkeyplatform/jmonkeyplatform/libs/jME3-terrain.jar:/Users/Rjmcf/Desktop/jMonkeyPlatform.app/Contents/Resources/jmonkeyplatform/jmonkeyplatform/libs/jME3-lwjgl.jar:/Users/Rjmcf/Desktop/jMonkeyPlatform.app/Contents/Resources/jmonkeyplatform/jmonkeyplatform/libs/jME3-lwjgl-natives.jar:/Users/Rjmcf/Desktop/jMonkeyPlatform.app/Contents/Resources/jmonkeyplatform/jmonkeyplatform/libs/jinput.jar:/Users/Rjmcf/Desktop/jMonkeyPlatform.app/Contents/Resources/jmonkeyplatform/jmonkeyplatform/libs/lwjgl.jar:/Users/Rjmcf/Desktop/jMonkeyPlatform.app/Contents/Resources/jmonkeyplatform/jmonkeyplatform/libs/jME3-jbullet.jar:/Users/Rjmcf/Desktop/jMonkeyPlatform.app/Contents/Resources/jmonkeyplatform/jmonkeyplatform/libs/jbullet.jar:/Users/Rjmcf/Desktop/jMonkeyPlatform.app/Contents/Resources/jmonkeyplatform/jmonkeyplatform/libs/vecmath.jar:/Users/Rjmcf/Desktop/jMonkeyPlatform.app/Contents/Resources/jmonkeyplatform/jmonkeyplatform/libs/stack-alloc.jar:/Users/Rjmcf/Desktop/jMonkeyPlatform.app/Contents/Resourc
Launcher Type: SUN_STANDARD

Environment Variables:
PATH=/usr/bin:/bin:/usr/sbin:/sbin
LD_LIBRARY_PATH=/Users/Rjmcf/Desktop/jMonkeyPlatform.app/Contents/MacOS/../Resources/jmonkeyplatform/bin/../jdk/jre/lib/amd64:/Users/Rjmcf/Desktop/jMonkeyPlatform.app/Contents/MacOS/../Resources/jmonkeyplatform/bin/../jdk/jre/lib/i386:
SHELL=/bin/bash
DISPLAY=/private/tmp/com.apple.launchd.21lrGROqBt/org.macosforge.xquartz:0

Signal Handlers:
SIGSEGV: [libjvm.dylib+0x5a6855], sa_mask[0]=11111111011111110111111111111111, sa_flags=SA_ONSTACK|SA_RESTART|SA_SIGINFO
SIGBUS: [libjvm.dylib+0x5a6855], sa_mask[0]=11111111011111110111111111111111, sa_flags=SA_RESTART|SA_SIGINFO
SIGFPE: [libjvm.dylib+0x4804ec], sa_mask[0]=11111111011111110111111111111111, sa_flags=SA_RESTART|SA_SIGINFO
SIGPIPE: [libjvm.dylib+0x4804ec], sa_mask[0]=11111111011111110111111111111111, sa_flags=SA_RESTART|SA_SIGINFO
SIGXFSZ: [libjvm.dylib+0x4804ec], sa_mask[0]=11111111011111110111111111111111, sa_flags=SA_RESTART|SA_SIGINFO
SIGILL: [libjvm.dylib+0x4804ec], sa_mask[0]=11111111011111110111111111111111, sa_flags=SA_RESTART|SA_SIGINFO
SIGUSR1: SIG_DFL, sa_mask[0]=00000000000000000000000000000000, sa_flags=none
SIGUSR2: [libjvm.dylib+0x48000a], sa_mask[0]=00100000000000000000000000000000, sa_flags=SA_RESTART|SA_SIGINFO
SIGHUP: [libjvm.dylib+0x47e5e1], sa_mask[0]=11111111011111110111111111111111, sa_flags=SA_RESTART|SA_SIGINFO
SIGINT: SIG_IGN, sa_mask[0]=00000000000000000000000000000000, sa_flags=none
SIGTERM: [libjvm.dylib+0x47e5e1], sa_mask[0]=11111111011111110111111111111111, sa_flags=SA_RESTART|SA_SIGINFO
SIGQUIT: [libjvm.dylib+0x47e5e1], sa_mask[0]=11111111011111110111111111111111, sa_flags=SA_RESTART|SA_SIGINFO


---------------  S Y S T E M  ---------------

OS:Bsduname:Darwin 14.5.0 Darwin Kernel Version 14.5.0: Wed Jul 29 02:26:53 PDT 2015; root:xnu-2782.40.9~1/RELEASE_X86_64 x86_64
rlimit: STACK 8192k, CORE 0k, NPROC 709, NOFILE 10240, AS infinity
load average:2.44 2.11 1.98

CPU:total 4 (2 cores per cpu, 2 threads per core) family 6 model 69 stepping 1, cmov, cx8, fxsr, mmx, sse, sse2, sse3, ssse3, sse4.1, sse4.2, popcnt, avx, avx2, aes, clmul, erms, lzcnt, ht, tsc, tscinvbit, bmi1, bmi2

Memory: 4k page, physical 8388608k(76320k free)

/proc/meminfo:


vm_info: Java HotSpot(TM) 64-Bit Server VM (25.72-b15) for bsd-amd64 JRE (1.8.0_72-b15), built on Dec 22 2015 15:43:34 by "java_re" with gcc 4.2.1 (Based on Apple Inc. build 5658) (LLVM build 2336.11.00)

time: Tue Mar  1 06:37:07 2016
elapsed time: 149 seconds (0d 0h 2m 29s)

